
> inter-media-app@0.1.0 dev
> concurrently "node socket-server.js" "next dev"

[0] Socket.IO server running on port 3001
[1] ▲ Next.js 16.1.3 (Turbopack)
[1] - Local:         http://localhost:3000
[1] - Network:       http://10.0.1.124:3000
[1] - Environments: .env.local
[1] 
[1] ✓ Starting...
[1] ✓ Ready in 915ms
[1]  GET /api/health 200 in 3.6s (compile: 2.7s, proxy.ts: 814ms, render: 23ms)
[1] ○ Compiling /api/seed ...
[1]  POST /api/seed 500 in 34.1s (compile: 4.1s, proxy.ts: 8ms, render: 30.0s)
[1] ⨯ ./src/app/api/shipping/calculate/route.ts:199:140
[1] Parsing ecmascript source code failed
[1] [0m [90m 197 |[39m     [36mif[39m (zone [33m<=[39m [35m2[39m) {
[1]  [90m 198 |[39m       [36mconst[39m storeResult [33m=[39m calculateStoreCourier(distance[33m,[39m totalWeight)[33m;[39m
[1] [31m[1m>[22m[39m[90m 199 |[39m       [36mconst[39m estimatedDays [33m=[39m [33mSTORE_COURIER_RATES[39m[[32m'KURIR TOKO'[39m][33m.[39mestimatedDays[[32m`zone${zone}`[39m [36mas[39m keyof [36mtypeof[39m [33mSTORE_COURIER_RATES[39m[[32m'KURIR TOKO'[39m][33m.[39mestimatedDays][33m;[39m
[1]  [90m     |[39m                                                                                                                                            [31m[1m^[22m[39m
[1]  [90m 200 |[39m       
[1]  [90m 201 |[39m       shippingOptions[33m.[39mpush({
[1]  [90m 202 |[39m         courier[33m:[39m [32m'KURIR TOKO'[39m[33m,[39m[0m
[1] 
[1] Expected ']', got '.'
[1] 
[1] 
[1] ○ Compiling /_error ...
[1]  POST /api/shipping/calculate 500 in 8.5s (compile: 8.3s, proxy.ts: 6ms, render: 148ms)
[1]  POST /api/shipping/calculate 200 in 213ms (compile: 196ms, proxy.ts: 6ms, render: 11ms)
[1]  POST /api/shipping/calculate 200 in 13ms (compile: 3ms, proxy.ts: 6ms, render: 4ms)
[1]  POST /api/shipping/calculate 200 in 16ms (compile: 6ms, proxy.ts: 4ms, render: 5ms)
[1]  POST /api/shipping/calculate 200 in 13ms (compile: 3ms, proxy.ts: 4ms, render: 6ms)
[1]  POST /api/shipping/calculate 200 in 13ms (compile: 4ms, proxy.ts: 4ms, render: 4ms)
[1]  POST /api/shipping/calculate 200 in 12ms (compile: 3ms, proxy.ts: 5ms, render: 4ms)
[1]  POST /api/shipping/calculate 200 in 11ms (compile: 3ms, proxy.ts: 4ms, render: 4ms)
[0] node socket-server.js exited with code SIGINT
[1] [?25h
[1] next dev exited with code SIGINT
