
> inter-media-ecommerce@1.0.0 backend
> cd backend && npm run dev


> inter-media-backend@1.0.0 dev
> nodemon server.js

[33m[nodemon] 3.1.11[39m
[33m[nodemon] to restart at any time, enter `rs`[39m
[33m[nodemon] watching path(s): *.*[39m
[33m[nodemon] watching extensions: js,mjs,cjs,json[39m
[32m[nodemon] starting `node server.js`[39m
Server running on port 5000
MongoDB Connected: ac-0ppxvbj-shard-00-00.z3wyzso.mongodb.net
[0mPOST /api/auth/login [33m401[0m 354.164 ms - 33[0m
[0mGET /api/health [32m200[0m 1.056 ms - 116[0m
[32m[nodemon] restarting due to changes...[39m
[32m[nodemon] starting `node server.js`[39m
Server running on port 5000
MongoDB Connected: ac-0ppxvbj-shard-00-00.z3wyzso.mongodb.net
[32m[nodemon] restarting due to changes...[39m
[32m[nodemon] starting `node server.js`[39m
Server running on port 5000
MongoDB Connected: ac-0ppxvbj-shard-00-00.z3wyzso.mongodb.net
[32m[nodemon] restarting due to changes...[39m
[32m[nodemon] starting `node server.js`[39m
Server running on port 5000
MongoDB Connected: ac-0ppxvbj-shard-00-00.z3wyzso.mongodb.net
[0mPOST /api/auth/login [32m200[0m 369.971 ms - 352[0m
[0mOPTIONS /api/auth/login [32m204[0m 0.744 ms - 0[0m
[0mPOST /api/auth/login [32m200[0m 323.175 ms - 352[0m
[0mOPTIONS /api/products/featured [32m204[0m 0.436 ms - 0[0m
[0mGET /api/products/featured [32m200[0m 32.087 ms - -[0m
[0mOPTIONS /api/categories [32m204[0m 0.449 ms - 0[0m
[0mOPTIONS /api/cart [32m204[0m 0.404 ms - 0[0m
[0mOPTIONS /api/products/featured [32m204[0m 0.398 ms - 0[0m
[0mOPTIONS /api/categories [32m204[0m 0.387 ms - 0[0m
[0mGET /api/cart [32m200[0m 12.844 ms - 22[0m
[0mGET /api/products/featured [36m304[0m 16.971 ms - -[0m
[0mGET /api/categories [32m200[0m 5.014 ms - -[0m
[0mGET /uploads/products/canon-g3010.jpg [33m404[0m 2.325 ms - 29[0m
[0mGET /uploads/products/asus-vivobook-14.jpg [33m404[0m 0.641 ms - 29[0m
[0mGET /uploads/products/hp-m404dn.jpg [33m404[0m 0.983 ms - 29[0m
[0mGET /uploads/products/logitech-mx-master-3s.jpg [33m404[0m 1.962 ms - 29[0m
[0mGET /api/categories [36m304[0m 10.710 ms - -[0m
[0mOPTIONS /api/products?category=&search=&minPrice=&maxPrice=&sortBy=createdAt&sortOrder=desc&page=1 [32m204[0m 0.560 ms - 0[0m
[0mGET /api/products?category=&search=&minPrice=&maxPrice=&sortBy=createdAt&sortOrder=desc&page=1 [32m200[0m 36.926 ms - -[0m
[0mOPTIONS /api/products?category=&search=&minPrice=&maxPrice=&sortBy=createdAt&sortOrder=desc&page=1 [32m204[0m 0.304 ms - 0[0m
[0mGET /api/categories [36m304[0m 4.819 ms - -[0m
[0mOPTIONS /api/products?category=&search=&minPrice=&maxPrice=&sortBy=createdAt&sortOrder=desc&page=1 [32m204[0m 0.277 ms - 0[0m
[0mGET /uploads/products/logitech-mx-master-3s.jpg [33m404[0m 1.134 ms - 29[0m
[0mGET /uploads/products/canon-g3010.jpg [33m404[0m 0.422 ms - 29[0m
[0mGET /uploads/products/asus-vivobook-14.jpg [33m404[0m 0.638 ms - 29[0m
[0mGET /uploads/products/hp-m404dn.jpg [33m404[0m 1.561 ms - 29[0m
[0mGET /uploads/products/kingston-nv2-ssd.jpg [33m404[0m 2.628 ms - 29[0m
[0mGET /api/products?category=&search=&minPrice=&maxPrice=&sortBy=createdAt&sortOrder=desc&page=1 [36m304[0m 31.533 ms - -[0m
[0mGET /api/categories [36m304[0m 3.998 ms - -[0m
[0mGET /api/categories [36m304[0m 5.934 ms - -[0m
[0mGET /api/products?category=&search=&minPrice=&maxPrice=&sortBy=createdAt&sortOrder=desc&page=1 [36m304[0m 17.786 ms - -[0m
[0mGET /api/categories [36m304[0m 4.088 ms - -[0m
[0mOPTIONS /api/products?category=computers&search=&minPrice=&maxPrice=&sortBy=createdAt&sortOrder=desc&page=1 [32m204[0m 0.231 ms - 0[0m
[0mGET /api/products?category=computers&search=&minPrice=&maxPrice=&sortBy=createdAt&sortOrder=desc&page=1 [31m500[0m 4.603 ms - 118[0m
[0mGET /uploads/products/kingston-nv2-ssd.jpg [33m404[0m 0.524 ms - 29[0m
[0mGET /uploads/products/asus-vivobook-14.jpg [33m404[0m 0.869 ms - 29[0m
[0mGET /uploads/products/canon-g3010.jpg [33m404[0m 0.411 ms - 29[0m
[0mGET /uploads/products/logitech-mx-master-3s.jpg [33m404[0m 0.320 ms - 29[0m
[0mGET /uploads/products/hp-m404dn.jpg [33m404[0m 0.595 ms - 29[0m
[0mGET /api/categories [36m304[0m 4.615 ms - -[0m
[0mOPTIONS /api/products?category=spareparts&search=&minPrice=&maxPrice=&sortBy=createdAt&sortOrder=desc&page=1 [32m204[0m 0.278 ms - 0[0m
[0mGET /api/products?category=spareparts&search=&minPrice=&maxPrice=&sortBy=createdAt&sortOrder=desc&page=1 [31m500[0m 4.303 ms - 119[0m
[0mGET /uploads/products/kingston-nv2-ssd.jpg [33m404[0m 1.557 ms - 29[0m
[0mGET /uploads/products/canon-g3010.jpg [33m404[0m 0.700 ms - 29[0m
[0mGET /uploads/products/hp-m404dn.jpg [33m404[0m 0.379 ms - 29[0m
[0mGET /uploads/products/asus-vivobook-14.jpg [33m404[0m 0.422 ms - 29[0m
[0mGET /uploads/products/logitech-mx-master-3s.jpg [33m404[0m 1.173 ms - 29[0m
[0mOPTIONS /api/products?category=office-equipment&search=&minPrice=&maxPrice=&sortBy=createdAt&sortOrder=desc&page=1 [32m204[0m 0.297 ms - 0[0m
[0mGET /api/categories [36m304[0m 3.968 ms - -[0m
[0mGET /api/products?category=office-equipment&search=&minPrice=&maxPrice=&sortBy=createdAt&sortOrder=desc&page=1 [31m500[0m 4.330 ms - 125[0m
[0mGET /uploads/products/logitech-mx-master-3s.jpg [33m404[0m 0.583 ms - 29[0m
[0mGET /uploads/products/hp-m404dn.jpg [33m404[0m 0.571 ms - 29[0m
[0mGET /uploads/products/kingston-nv2-ssd.jpg [33m404[0m 0.459 ms - 29[0m
[0mGET /uploads/products/canon-g3010.jpg [33m404[0m 2.231 ms - 29[0m
[0mGET /uploads/products/asus-vivobook-14.jpg [33m404[0m 0.864 ms - 29[0m
[0mGET /api/categories [36m304[0m 4.865 ms - -[0m
[0mOPTIONS /api/products?category=services&search=&minPrice=&maxPrice=&sortBy=createdAt&sortOrder=desc&page=1 [32m204[0m 0.192 ms - 0[0m
[0mGET /api/products?category=services&search=&minPrice=&maxPrice=&sortBy=createdAt&sortOrder=desc&page=1 [31m500[0m 4.171 ms - 117[0m
[0mGET /uploads/products/kingston-nv2-ssd.jpg [33m404[0m 0.873 ms - 29[0m
[0mGET /uploads/products/logitech-mx-master-3s.jpg [33m404[0m 0.364 ms - 29[0m
[0mGET /uploads/products/asus-vivobook-14.jpg [33m404[0m 2.326 ms - 29[0m
[0mGET /uploads/products/hp-m404dn.jpg [33m404[0m 0.351 ms - 29[0m
[0mGET /uploads/products/canon-g3010.jpg [33m404[0m 0.220 ms - 29[0m
[0mGET /api/products?category=office-equipment&search=&minPrice=&maxPrice=&sortBy=createdAt&sortOrder=desc&page=1 [31m500[0m 4.700 ms - 125[0m
[0mGET /api/categories [36m304[0m 3.587 ms - -[0m
[0mGET /uploads/products/kingston-nv2-ssd.jpg [33m404[0m 0.293 ms - 29[0m
[0mGET /uploads/products/asus-vivobook-14.jpg [33m404[0m 0.353 ms - 29[0m
[0mGET /uploads/products/hp-m404dn.jpg [33m404[0m 0.869 ms - 29[0m
[0mGET /uploads/products/canon-g3010.jpg [33m404[0m 0.287 ms - 29[0m
[0mGET /uploads/products/logitech-mx-master-3s.jpg [33m404[0m 0.368 ms - 29[0m
[0mOPTIONS /api/products?category=printers&search=&minPrice=&maxPrice=&sortBy=createdAt&sortOrder=desc&page=1 [32m204[0m 0.203 ms - 0[0m
[0mGET /api/categories [36m304[0m 5.459 ms - -[0m
[0mOPTIONS /api/products?category=printers&search=&minPrice=&maxPrice=&sortBy=createdAt&sortOrder=desc&page=1 [32m204[0m 0.189 ms - 0[0m
[0mGET /api/products?category=&search=&minPrice=&maxPrice=&sortBy=createdAt&sortOrder=desc&page=1 [36m304[0m 17.863 ms - -[0m
[0mGET /api/products?category=printers&search=&minPrice=&maxPrice=&sortBy=createdAt&sortOrder=desc&page=1 [31m500[0m 4.681 ms - 117[0m
[0mGET /api/categories [36m304[0m 3.762 ms - -[0m
[0mGET /uploads/products/kingston-nv2-ssd.jpg [33m404[0m 0.481 ms - 29[0m
[0mGET /uploads/products/canon-g3010.jpg [33m404[0m 0.937 ms - 29[0m
[0mGET /uploads/products/hp-m404dn.jpg [33m404[0m 1.007 ms - 29[0m
[0mGET /uploads/products/logitech-mx-master-3s.jpg [33m404[0m 0.512 ms - 29[0m
[0mGET /uploads/products/asus-vivobook-14.jpg [33m404[0m 0.490 ms - 29[0m
[0mGET /api/products?category=printers&search=&minPrice=&maxPrice=&sortBy=createdAt&sortOrder=desc&page=1 [31m500[0m 3.773 ms - 117[0m
[0mGET /api/categories [36m304[0m 3.627 ms - -[0m
[0mGET /api/cart [36m304[0m 8.971 ms - -[0m
[0mGET /api/categories [32m200[0m 4.097 ms - -[0m
[0mGET /api/products?category=&search=&minPrice=&maxPrice=&sortBy=createdAt&sortOrder=desc&page=1 [32m200[0m 15.450 ms - -[0m
[0mGET /api/categories [36m304[0m 4.383 ms - -[0m
[0mGET /uploads/products/kingston-nv2-ssd.jpg [33m404[0m 0.486 ms - 29[0m
[0mGET /uploads/products/asus-vivobook-14.jpg [33m404[0m 0.284 ms - 29[0m
[0mGET /uploads/products/canon-g3010.jpg [33m404[0m 3.561 ms - 29[0m
[0mGET /api/products?category=&search=&minPrice=&maxPrice=&sortBy=createdAt&sortOrder=desc&page=1 [36m304[0m 24.925 ms - -[0m
[0mGET /uploads/products/hp-m404dn.jpg [33m404[0m 0.239 ms - 29[0m
[0mGET /uploads/products/logitech-mx-master-3s.jpg [33m404[0m 0.763 ms - 29[0m
[0mGET /api/products/featured [36m304[0m 25.667 ms - -[0m
[0mGET /api/categories [36m304[0m 13.209 ms - -[0m
[0mGET /api/categories [36m304[0m 7.268 ms - -[0m
[0mGET /api/products/featured [36m304[0m 13.222 ms - -[0m
[0mGET /uploads/products/logitech-mx-master-3s.jpg [33m404[0m 0.340 ms - 29[0m
[0mGET /uploads/products/hp-m404dn.jpg [33m404[0m 0.702 ms - 29[0m
[0mGET /uploads/products/asus-vivobook-14.jpg [33m404[0m 0.304 ms - 29[0m
[0mGET /uploads/products/canon-g3010.jpg [33m404[0m 0.279 ms - 29[0m
[0mPOST /api/auth/login [32m200[0m 323.989 ms - 343[0m
[0mGET /api/products/featured [36m304[0m 13.255 ms - -[0m
[0mGET /api/categories [36m304[0m 6.091 ms - -[0m
[0mGET /api/cart [36m304[0m 7.450 ms - -[0m
[0mGET /api/categories [36m304[0m 4.446 ms - -[0m
[0mGET /api/products/featured [36m304[0m 9.595 ms - -[0m
[0mGET /uploads/products/asus-vivobook-14.jpg [33m404[0m 0.919 ms - 29[0m
[0mGET /uploads/products/hp-m404dn.jpg [33m404[0m 1.221 ms - 29[0m
[0mGET /uploads/products/canon-g3010.jpg [33m404[0m 0.613 ms - 29[0m
[0mGET /uploads/products/logitech-mx-master-3s.jpg [33m404[0m 0.221 ms - 29[0m
[0mOPTIONS /api/admin/dashboard [32m204[0m 0.302 ms - 0[0m
[0mOPTIONS /api/admin/dashboard [32m204[0m 0.189 ms - 0[0m
[0mGET /api/admin/dashboard [32m200[0m 33.212 ms - 130[0m
[0mGET /api/admin/dashboard [36m304[0m 21.458 ms - -[0m
[0mGET /api/cart [36m304[0m 8.873 ms - -[0m
[0mGET /api/admin/dashboard [36m304[0m 26.101 ms - -[0m
[0mGET /api/admin/dashboard [36m304[0m 37.025 ms - -[0m
[0mGET /api/products/featured [36m304[0m 13.542 ms - -[0m
[0mGET /api/categories [36m304[0m 4.539 ms - -[0m
[0mGET /uploads/products/logitech-mx-master-3s.jpg [33m404[0m 1.428 ms - 29[0m
[0mGET /api/products/featured [36m304[0m 28.990 ms - -[0m
[0mGET /api/categories [36m304[0m 9.582 ms - -[0m
[0mGET /uploads/products/asus-vivobook-14.jpg [33m404[0m 0.456 ms - 29[0m
[0mGET /uploads/products/canon-g3010.jpg [33m404[0m 0.224 ms - 29[0m
[0mGET /uploads/products/hp-m404dn.jpg [33m404[0m 0.251 ms - 29[0m
[0mGET /api/cart [36m304[0m 6.222 ms - -[0m
[0mOPTIONS /api/orders [32m204[0m 0.296 ms - 0[0m
[0mOPTIONS /api/orders [32m204[0m 0.163 ms - 0[0m
[0mGET /api/orders [32m200[0m 9.009 ms - 75[0m
[0mGET /api/orders [36m304[0m 8.864 ms - -[0m
[0mGET /api/products?category=spareparts&search=&minPrice=&maxPrice=&sortBy=createdAt&sortOrder=desc&page=1 [31m500[0m 4.682 ms - 119[0m
[0mGET /api/products?category=&search=&minPrice=&maxPrice=&sortBy=createdAt&sortOrder=desc&page=1 [36m304[0m 22.486 ms - -[0m
[0mGET /api/categories [32m200[0m 3.895 ms - -[0m
[0mGET /uploads/products/canon-g3010.jpg [33m404[0m 0.440 ms - 29[0m
[0mGET /uploads/products/asus-vivobook-14.jpg [33m404[0m 0.337 ms - 29[0m
[0mGET /uploads/products/kingston-nv2-ssd.jpg [33m404[0m 0.519 ms - 29[0m
[0mGET /uploads/products/hp-m404dn.jpg [33m404[0m 0.248 ms - 29[0m
[0mGET /uploads/products/logitech-mx-master-3s.jpg [33m404[0m 0.286 ms - 29[0m
[0mGET /api/categories [36m304[0m 6.282 ms - -[0m
[0mGET /api/products?category=spareparts&search=&minPrice=&maxPrice=&sortBy=createdAt&sortOrder=desc&page=1 [31m500[0m 4.426 ms - 119[0m
[0mGET /api/categories [36m304[0m 3.694 ms - -[0m
[0mGET /api/products?category=computers&search=&minPrice=&maxPrice=&sortBy=createdAt&sortOrder=desc&page=1 [31m500[0m 5.453 ms - 118[0m
[0mGET /api/categories [36m304[0m 3.898 ms - -[0m
[0mGET /uploads/products/canon-g3010.jpg [33m404[0m 0.326 ms - 29[0m
[0mGET /uploads/products/kingston-nv2-ssd.jpg [33m404[0m 0.257 ms - 29[0m
[0mGET /uploads/products/logitech-mx-master-3s.jpg [33m404[0m 0.253 ms - 29[0m
[0mGET /uploads/products/asus-vivobook-14.jpg [33m404[0m 0.325 ms - 29[0m
[0mGET /uploads/products/hp-m404dn.jpg [33m404[0m 3.894 ms - 29[0m
[0mGET /api/categories [36m304[0m 8.191 ms - -[0m
[0mGET /api/products?category=printers&search=&minPrice=&maxPrice=&sortBy=createdAt&sortOrder=desc&page=1 [31m500[0m 7.963 ms - 117[0m
[0mGET /uploads/products/kingston-nv2-ssd.jpg [33m404[0m 0.290 ms - 29[0m
[0mGET /uploads/products/canon-g3010.jpg [33m404[0m 0.319 ms - 29[0m
[0mGET /uploads/products/hp-m404dn.jpg [33m404[0m 0.273 ms - 29[0m
[0mGET /uploads/products/asus-vivobook-14.jpg [33m404[0m 0.286 ms - 29[0m
[0mGET /uploads/products/logitech-mx-master-3s.jpg [33m404[0m 0.995 ms - 29[0m
[0mGET /api/categories [36m304[0m 5.615 ms - -[0m
[0mGET /api/products?category=&search=&minPrice=&maxPrice=&sortBy=createdAt&sortOrder=desc&page=1 [36m304[0m 28.594 ms - -[0m
[0mGET /uploads/products/kingston-nv2-ssd.jpg [33m404[0m 0.422 ms - 29[0m
[0mGET /uploads/products/canon-g3010.jpg [33m404[0m 0.544 ms - 29[0m
[0mGET /uploads/products/hp-m404dn.jpg [33m404[0m 0.291 ms - 29[0m
[0mGET /uploads/products/logitech-mx-master-3s.jpg [33m404[0m 0.365 ms - 29[0m
[0mGET /uploads/products/asus-vivobook-14.jpg [33m404[0m 0.254 ms - 29[0m
[0mGET /api/categories [36m304[0m 4.279 ms - -[0m
[0mOPTIONS /api/products?category=694a3e644477c8c7d11bab6f&search=&minPrice=&maxPrice=&sortBy=createdAt&sortOrder=desc&page=1 [32m204[0m 0.191 ms - 0[0m
[0mGET /api/products?category=694a3e644477c8c7d11bab6f&search=&minPrice=&maxPrice=&sortBy=createdAt&sortOrder=desc&page=1 [32m200[0m 13.528 ms - -[0m
[0mGET /uploads/products/asus-vivobook-14.jpg [33m404[0m 0.283 ms - 29[0m
[0mGET /api/categories [36m304[0m 6.095 ms - -[0m
[0mOPTIONS /api/products?category=694a3e644477c8c7d11bab71&search=&minPrice=&maxPrice=&sortBy=createdAt&sortOrder=desc&page=1 [32m204[0m 0.188 ms - 0[0m
[0mGET /api/products?category=694a3e644477c8c7d11bab71&search=&minPrice=&maxPrice=&sortBy=createdAt&sortOrder=desc&page=1 [32m200[0m 9.883 ms - 111[0m
[0mOPTIONS /api/products?category=694a3e644477c8c7d11bab6e&search=&minPrice=&maxPrice=&sortBy=createdAt&sortOrder=desc&page=1 [32m204[0m 0.190 ms - 0[0m
[0mGET /api/categories [36m304[0m 4.873 ms - -[0m
[0mGET /api/products?category=694a3e644477c8c7d11bab6e&search=&minPrice=&maxPrice=&sortBy=createdAt&sortOrder=desc&page=1 [32m200[0m 15.241 ms - -[0m
[0mGET /uploads/products/canon-g3010.jpg [33m404[0m 0.249 ms - 29[0m
[0mGET /uploads/products/hp-m404dn.jpg [33m404[0m 0.229 ms - 29[0m
[0mOPTIONS /api/products?category=694a3e644477c8c7d11bab72&search=&minPrice=&maxPrice=&sortBy=createdAt&sortOrder=desc&page=1 [32m204[0m 0.207 ms - 0[0m
[0mGET /api/categories [36m304[0m 5.374 ms - -[0m
[0mGET /api/products?category=694a3e644477c8c7d11bab72&search=&minPrice=&maxPrice=&sortBy=createdAt&sortOrder=desc&page=1 [32m200[0m 13.931 ms - 111[0m
[0mGET /api/categories [36m304[0m 4.290 ms - -[0m
[0mOPTIONS /api/products?category=694a3e644477c8c7d11bab70&search=&minPrice=&maxPrice=&sortBy=createdAt&sortOrder=desc&page=1 [33m429[0m 0.411 ms - 67[0m
[0mGET /api/products?category=694a3e644477c8c7d11bab72&search=&minPrice=&maxPrice=&sortBy=createdAt&sortOrder=desc&page=1 [33m429[0m 0.419 ms - 67[0m
[0mGET /api/categories [33m429[0m 1.283 ms - 67[0m
[0mGET /api/categories [33m429[0m 0.339 ms - 67[0m
[0mGET /api/products/featured [33m429[0m 0.179 ms - 67[0m
[0mGET /api/categories [33m429[0m 0.341 ms - 67[0m
[0mGET /api/products/featured [33m429[0m 0.200 ms - 67[0m
[0mGET /api/categories [33m429[0m 0.241 ms - 67[0m
[0mGET /api/products/featured [33m429[0m 0.236 ms - 67[0m
[0mGET /api/products?category=&search=&minPrice=&maxPrice=&sortBy=createdAt&sortOrder=desc&page=1 [33m429[0m 0.396 ms - 67[0m
[0mGET /api/categories [33m429[0m 0.224 ms - 67[0m
[0mGET /api/categories [33m429[0m 0.364 ms - 67[0m
[0mGET /api/categories [33m429[0m 0.212 ms - 67[0m
[0mGET /api/products?category=&search=&minPrice=&maxPrice=&sortBy=createdAt&sortOrder=desc&page=1 [33m429[0m 0.181 ms - 67[0m
[0mGET /api/products?category=&search=&minPrice=&maxPrice=&sortBy=createdAt&sortOrder=desc&page=1 [33m429[0m 0.212 ms - 67[0m
[0mGET /api/categories [33m429[0m 0.192 ms - 67[0m
[0mGET /api/categories [33m429[0m 0.366 ms - 67[0m
[0mGET /api/products?category=&search=&minPrice=&maxPrice=&sortBy=createdAt&sortOrder=desc&page=1 [33m429[0m 0.178 ms - 67[0m
[0mGET /api/products/featured [33m429[0m 0.383 ms - 67[0m
[0mGET /api/categories [33m429[0m 0.222 ms - 67[0m
[0mGET /api/products/featured [33m429[0m 0.285 ms - 67[0m
[0mGET /api/categories [33m429[0m 0.272 ms - 67[0m
[0mGET /api/products/featured [33m429[0m 0.382 ms - 67[0m
[0mGET /api/categories [33m429[0m 0.178 ms - 67[0m
[32m[nodemon] restarting due to changes...[39m
[32m[nodemon] starting `node server.js`[39m
node:events:486
      throw er; // Unhandled 'error' event
      ^

Error: listen EADDRINUSE: address already in use :::5000
    at Server.setupListenHandle [as _listen2] (node:net:1940:16)
    at listenInCluster (node:net:1997:12)
    at Server.listen (node:net:2102:7)
    at Object.<anonymous> (/workspaces/project/inter-media-ecommerce/backend/server.js:58:8)
    at Module._compile (node:internal/modules/cjs/loader:1761:14)
    at Object..js (node:internal/modules/cjs/loader:1893:10)
    at Module.load (node:internal/modules/cjs/loader:1481:32)
    at Module._load (node:internal/modules/cjs/loader:1300:12)
    at TracingChannel.traceSync (node:diagnostics_channel:328:14)
    at wrapModuleLoad (node:internal/modules/cjs/loader:245:24)
Emitted 'error' event on Server instance at:
    at emitErrorNT (node:net:1976:8)
    at process.processTicksAndRejections (node:internal/process/task_queues:89:21) {
  code: 'EADDRINUSE',
  errno: -98,
  syscall: 'listen',
  address: '::',
  port: 5000
}

Node.js v24.11.1
[31m[nodemon] app crashed - waiting for file changes before starting...[39m
[32m[nodemon] restarting due to changes...[39m
[32m[nodemon] starting `node server.js`[39m
Server running on port 5000
MongoDB Connected: ac-0ppxvbj-shard-00-02.z3wyzso.mongodb.net
